<?xml version="1.0" encoding="UTF-8"?>
<!-- Generated by org.testng.reporters.JUnitReportReporter -->
<testsuite hostname="DESKTOP-C5U4GS8" failures="0" tests="3" name="Weather_TestCases.Weather_Test" time="8.434" errors="0" timestamp="2021-08-21T13:44:52 IST" skipped="0">
  <testcase classname="Weather_TestCases.Weather_Test" name="Weather_UI_Test" time="5.160"/>
  <system-out/>
  <testcase classname="Weather_TestCases.Weather_Test" name="Weather_API_Test" time="3.265"/>
  <system-out/>
  <testcase classname="Weather_TestCases.Weather_Test" name="UI_API_Comparator" time="0.009"/>
  <system-out/>
</testsuite> <!-- Weather_TestCases.Weather_Test -->
